{
  "stats": {
    "suites": 1,
    "tests": 2,
    "passes": 2,
    "pending": 0,
    "failures": 0,
    "start": "2023-01-11T11:21:14.698Z",
    "end": "2023-01-11T11:21:43.650Z",
    "duration": 28952,
    "testsRegistered": 2,
    "passPercent": 100,
    "pendingPercent": 0,
    "other": 0,
    "hasOther": false,
    "skipped": 0,
    "hasSkipped": false
  },
  "results": [
    {
      "uuid": "4fdf7447-2954-4fca-a2db-383134d2f82e",
      "title": "",
      "fullFile": "/Users/yaroslavbilozir/Desktop/seleniumDemo/test/QID.js",
      "file": "/test/QID.js",
      "beforeHooks": [],
      "afterHooks": [],
      "tests": [],
      "suites": [
        {
          "uuid": "2ab70fd0-f293-49ee-9226-c92efbfd92b1",
          "title": "Login and accept coockies",
          "fullFile": "/Users/yaroslavbilozir/Desktop/seleniumDemo/test/QID.js",
          "file": "/test/QID.js",
          "beforeHooks": [],
          "afterHooks": [],
          "tests": [
            {
              "title": "successfully Logged in and accepted coockies",
              "fullTitle": "Login and accept coockies successfully Logged in and accepted coockies",
              "timedOut": null,
              "duration": 9592,
              "state": "passed",
              "speed": "slow",
              "pass": true,
              "fail": false,
              "pending": false,
              "context": null,
              "code": "//launch the browser\nlet driver = await new Builder().forBrowser(\"chrome\").build();\n\n\ndriver.manage().window().maximize();\nawait driver.get(\"https://qorpo.world/qorpo-id/login\");\nawait driver.findElement(By.xpath('//*[@id=\"cookiefirst-root\"]/div/div/div[2]/div[2]/div[2]/div[1]/button/span')).click();\nconsole.log('Coockies accepted');\n//Log in\nawait driver.findElement(By.xpath(\"/html/body/app-root/app-site-layout/div[4]/app-login/div/div/div/div[2]\")).click();\nawait driver.findElement(By.xpath('//*[@id=\"email\"]')).sendKeys('yaroslav.bilozir@qorpo.co');\nawait driver.findElement(By.xpath('//*[@id=\"password\"]')).sendKeys('985630Joker');\nawait driver.findElement(By.xpath('/html/body/app-root/app-site-layout/div[4]/app-login/div/div/div/form/button')).click();\nconsole.log('Login OK');\n//Get started banner\nawait driver.wait(until.elementLocated(By.xpath('/html/body/app-root/app-site-layout/div[4]/app-qorpo-id-layout/div[2]/div/app-dashboard/app-init-modal/div/div[2]/div[2]/button')),10000)\n.click();\n\n//await driver.findElement(By.xpath('/html/body/app-root/app-site-layout/div[4]/app-qorpo-id-layout/div[1]/div/div[1]/div/div/div[4]/p'))\n//.click();\n\n\n\n       \nawait driver.sleep(5000);\nawait driver.quit();",
              "err": {},
              "uuid": "e27f9d60-1274-4e5a-8ef2-658b84d97200",
              "parentUUID": null,
              "isHook": false,
              "skipped": false
            },
            {
              "title": "Transfer nft and ioi",
              "fullTitle": "Login and accept coockies Transfer nft and ioi",
              "timedOut": null,
              "duration": 19227,
              "state": "passed",
              "speed": "slow",
              "pass": true,
              "fail": false,
              "pending": false,
              "context": null,
              "code": "//launch the browser\nlet driver = await new Builder().forBrowser(\"chrome\").build();\n\n\ndriver.manage().window().maximize();\nawait driver.get(\"https://qorpo.world/qorpo-id/login\");\nawait driver.findElement(By.xpath('//*[@id=\"cookiefirst-root\"]/div/div/div[2]/div[2]/div[2]/div[1]/button/span')).click();\nconsole.log('Coockies accepted');\n//Log in\nawait driver.findElement(By.xpath(\"/html/body/app-root/app-site-layout/div[4]/app-login/div/div/div/div[2]\")).click();\nawait driver.findElement(By.xpath('//*[@id=\"email\"]')).sendKeys('yaroslav.bilozir@qorpo.co');\nawait driver.findElement(By.xpath('//*[@id=\"password\"]')).sendKeys('985630Joker');\nawait driver.findElement(By.xpath('/html/body/app-root/app-site-layout/div[4]/app-login/div/div/div/form/button')).click();\nconsole.log('Login OK');\n\nawait driver.wait(until.elementLocated(By.xpath('/html/body/app-root/app-site-layout/div[4]/app-qorpo-id-layout/div[2]/div/app-dashboard/app-init-modal/div/div[2]/div[2]/button')),10000)\n.click();\n\nawait driver.findElement(By.xpath('/html/body/app-root/app-site-layout/div[4]/app-qorpo-id-layout/div[1]/div/div[1]/div/div/div[4]/p'))\n.click();\n//Transfer first from list asset\n    //Click on first NFT\n    await driver.wait(until.elementLocated(By.xpath('/html/body/app-root/app-site-layout/div[4]/app-qorpo-id-layout/div[2]/div/app-manage/div/div[3]/div[2]/div[2]')),10000).click();\n    //Click on transfer\n   await driver.wait(until.elementLocated(By.xpath('/html/body/app-root/app-site-layout/div[4]/app-qorpo-id-layout/div[2]/div/app-manage/div[2]/div/app-card-detail/div/div/div/div[2]/div/div[3]/div[2]/button[2]/p')),10000).click();;\n   //Click to market\n   await driver.findElement(By.xpath('/html/body/app-root/app-site-layout/div[4]/app-qorpo-id-layout/div[2]/div/app-manage/div[2]/div/app-card-detail/div/div[2]/div/div[2]/button[4]/p')).click();\n   await driver.findElement(By.xpath('/html/body/app-root/app-site-layout/div[4]/app-qorpo-id-layout/div[2]/div/app-manage/app-confirm-transfer-modal/div/div[2]/form/div/input')).sendKeys('1');\n   await driver.findElement(By.xpath('/html/body/app-root/app-site-layout/div[4]/app-qorpo-id-layout/div[2]/div/app-manage/app-confirm-transfer-modal/div/div[2]/div/button[2]')).click();\n   await driver.sleep(5000);\n   //Transfer IOI\n    //Click on first NFT\n    await driver.wait(until.elementLocated(By.xpath('//*[@id=\"ioi\"]/div[2]/p')),10000).click();\n    //Click on transfer\n   await driver.wait(until.elementLocated(By.xpath('/html/body/app-root/app-site-layout/div[4]/app-qorpo-id-layout/div[2]/div/app-manage/div[2]/div/app-balance-detail/div/div/div/div/div/div[2]/div/button/p')),10000).click();;\n   //Click to market\n   await driver.findElement(By.xpath('/html/body/app-root/app-site-layout/div[4]/app-qorpo-id-layout/div[2]/div/app-manage/div[2]/div/app-balance-detail/div/div[2]/div/div[2]/button[4]/p')).click();\n   await driver.findElement(By.xpath('/html/body/app-root/app-site-layout/div[4]/app-qorpo-id-layout/div[2]/div/app-manage/app-confirm-transfer-modal/div/div[2]/form/div/input')).sendKeys('1000');\n   await driver.findElement(By.xpath('/html/body/app-root/app-site-layout/div[4]/app-qorpo-id-layout/div[2]/div/app-manage/app-confirm-transfer-modal/div/div[2]/div/button[2]')).click();\n       \nawait driver.sleep(5000);\nawait driver.quit();",
              "err": {},
              "uuid": "05bab1a8-fbcc-48c1-ad0d-7bc04c76cf13",
              "parentUUID": null,
              "isHook": false,
              "skipped": false
            }
          ],
          "suites": [],
          "passes": [
            "e27f9d60-1274-4e5a-8ef2-658b84d97200",
            "05bab1a8-fbcc-48c1-ad0d-7bc04c76cf13"
          ],
          "failures": [],
          "pending": [],
          "skipped": [],
          "duration": 28819,
          "root": false,
          "rootEmpty": false,
          "_timeout": null
        }
      ],
      "passes": [],
      "failures": [],
      "pending": [],
      "skipped": [],
      "duration": 0,
      "root": true,
      "rootEmpty": true,
      "_timeout": 0
    }
  ],
  "meta": {
    "mocha": {
      "version": "10.2.0"
    },
    "mochawesome": {
      "options": {
        "quiet": false,
        "reportFilename": "testResults",
        "saveHtml": true,
        "saveJson": true,
        "consoleReporter": "spec",
        "useInlineDiffs": false,
        "code": true
      },
      "version": "7.1.3"
    },
    "marge": {
      "options": {
        "reportDir": "/Users/yaroslavbilozir/Desktop/seleniumDemo/testReports",
        "reportFilename": "testResults"
      },
      "version": "6.2.0"
    }
  }
}