{
  "stats": {
    "suites": 2,
    "tests": 2,
    "passes": 2,
    "pending": 0,
    "failures": 0,
    "start": "2023-01-05T11:55:51.890Z",
    "end": "2023-01-05T11:55:53.873Z",
    "duration": 1983,
    "testsRegistered": 2,
    "passPercent": 100,
    "pendingPercent": 0,
    "other": 0,
    "hasOther": false,
    "skipped": 0,
    "hasSkipped": false
  },
  "results": [
    {
      "uuid": "cd2d468e-765e-45a4-9dd2-4dab75230dd5",
      "title": "",
      "fullFile": "",
      "file": "",
      "beforeHooks": [],
      "afterHooks": [],
      "tests": [],
      "suites": [
        {
          "uuid": "33a8300c-2b4a-4fd2-8f3b-4ae8723d9a9f",
          "title": "add todo tests",
          "fullFile": "/Users/yaroslavbilozir/Desktop/seleniumDemo/test/FirstTestMocha.js",
          "file": "/test/FirstTestMocha.js",
          "beforeHooks": [],
          "afterHooks": [],
          "tests": [
            {
              "title": "successfully add a toto to application",
              "fullTitle": "add todo tests successfully add a toto to application",
              "timedOut": null,
              "duration": 1811,
              "state": "passed",
              "speed": "slow",
              "pass": true,
              "fail": false,
              "pending": false,
              "context": null,
              "code": "//launch the browser\nlet driver = await new Builder().forBrowser(\"chrome\").build();\n//navigate to uor application\nawait driver.get(\"https://lambdatest.github.io/sample-todo-app/\")\n//add a todo\nawait driver.findElement(By.id(\"sampletodotext\")).sendKeys(\"Learn Selenium\", Key.RETURN);\n//assert\nlet todoText = await driver.findElement(By.xpath(\"//li[last()]\")).getText().then(function (value) {\n    return value\n});\n\n//assert using chai should\ntodoText.should.equal(\"Learn Selenium\")\n// close the browser\nawait driver.quit();",
              "err": {},
              "uuid": "77a3aee7-29cb-4ca1-9826-32d4f768b18c",
              "parentUUID": null,
              "isHook": false,
              "skipped": false
            }
          ],
          "suites": [],
          "passes": [
            "77a3aee7-29cb-4ca1-9826-32d4f768b18c"
          ],
          "failures": [],
          "pending": [],
          "skipped": [],
          "duration": 1811,
          "root": false,
          "rootEmpty": false,
          "_timeout": null
        },
        {
          "uuid": "94c8f44e-0501-4985-a9e7-6bc491b5a8fb",
          "title": "add another todo tests",
          "fullFile": "/Users/yaroslavbilozir/Desktop/seleniumDemo/test/secoundTestMocha.js",
          "file": "/test/secoundTestMocha.js",
          "beforeHooks": [],
          "afterHooks": [],
          "tests": [
            {
              "title": "successfully add another toto to application",
              "fullTitle": "add another todo tests successfully add another toto to application",
              "timedOut": null,
              "duration": 1816,
              "state": "passed",
              "speed": "slow",
              "pass": true,
              "fail": false,
              "pending": false,
              "context": null,
              "code": "//launch the browser\nlet driver = await new Builder().forBrowser(\"chrome\").build();\n//navigate to uor application\nawait driver.get(\"https://lambdatest.github.io/sample-todo-app/\")\n//add a todo\nawait driver.findElement(By.id(\"sampletodotext\")).sendKeys(\"Learn Selenium\", Key.RETURN);\n//assert\nlet todoText = await driver.findElement(By.xpath(\"//li[last()]\")).getText().then(function (value) {\n    return value\n});\n\n//assert using chai should\ntodoText.should.equal(\"Learn Selenium\")\n// close the browser\nawait driver.quit();",
              "err": {},
              "uuid": "36e175cb-d77f-4184-a8d3-033c88bf489e",
              "parentUUID": null,
              "isHook": false,
              "skipped": false
            }
          ],
          "suites": [],
          "passes": [
            "36e175cb-d77f-4184-a8d3-033c88bf489e"
          ],
          "failures": [],
          "pending": [],
          "skipped": [],
          "duration": 1816,
          "root": false,
          "rootEmpty": false,
          "_timeout": null
        }
      ],
      "passes": [],
      "failures": [],
      "pending": [],
      "skipped": [],
      "duration": 0,
      "root": true,
      "rootEmpty": true,
      "_timeout": 0
    }
  ],
  "meta": {
    "mocha": {
      "version": "10.2.0"
    },
    "mochawesome": {
      "options": {
        "quiet": false,
        "reportFilename": "mochawesome",
        "saveHtml": true,
        "saveJson": true,
        "consoleReporter": "spec",
        "useInlineDiffs": false,
        "code": true
      },
      "version": "7.1.3"
    },
    "marge": {
      "options": null,
      "version": "6.2.0"
    }
  }
}